root@fabric-60-22:~# docker logs peer0.yiyuan.mederahealth.com
2018-07-14 09:09:26.990 UTC [msp] getPemMaterialFromDir -> WARN 001 Failed reading file /etc/hyperledger/fabric/msp/intermediatecerts/172-19-60-21-7054.pem: no pem content for file /etc/hyperledger/fabric/msp/intermediatecerts/172-19-60-21-7054.pem
2018-07-14 09:09:27.043 UTC [nodeCmd] serve -> INFO 002 Starting peer:
 Version: 1.1.0
 Go version: go1.9.2
 OS/Arch: linux/amd64
 Experimental features: false
 Chaincode:
  Base Image Version: 0.4.6
  Base Docker Namespace: hyperledger
  Base Docker Label: org.hyperledger.fabric
  Docker Namespace: hyperledger

2018-07-14 09:09:27.043 UTC [ledgermgmt] initialize -> INFO 003 Initializing ledger mgmt
2018-07-14 09:09:27.043 UTC [kvledger] NewProvider -> INFO 004 Initializing ledger provider
2018-07-14 09:09:27.075 UTC [kvledger] NewProvider -> INFO 005 ledger provider Initialized
2018-07-14 09:09:27.076 UTC [ledgermgmt] initialize -> INFO 006 ledger mgmt initialized
2018-07-14 09:09:27.076 UTC [peer] func1 -> INFO 007 Auto-detected peer address: 172.18.0.2:7051
2018-07-14 09:09:27.076 UTC [peer] func1 -> INFO 008 Returning peer0.yiyuan.mederahealth.com:7051
2018-07-14 09:09:27.076 UTC [peer] func1 -> INFO 009 Auto-detected peer address: 172.18.0.2:7051
2018-07-14 09:09:27.077 UTC [peer] func1 -> INFO 00a Returning peer0.yiyuan.mederahealth.com:7051
2018-07-14 09:09:27.079 UTC [eventhub_producer] start -> INFO 00b Event processor started
2018-07-14 09:09:27.081 UTC [nodeCmd] computeChaincodeEndpoint -> INFO 00c Entering computeChaincodeEndpoint with peerHostname: peer0.yiyuan.mederahealth.com
2018-07-14 09:09:27.081 UTC [nodeCmd] computeChaincodeEndpoint -> INFO 00d Exit with ccEndpoint: peer0.yiyuan.mederahealth.com:7052
2018-07-14 09:09:27.082 UTC [nodeCmd] createChaincodeServer -> WARN 00e peer.chaincodeListenAddress is not set, using peer0.yiyuan.mederahealth.com:7052
2018-07-14 09:09:27.085 UTC [chaincode] NewChaincodeSupport -> INFO 00f Chaincode support using peerAddress: peer0.yiyuan.mederahealth.com:7052
2018-07-14 09:09:27.086 UTC [sccapi] registerSysCC -> INFO 010 system chaincode cscc(github.com/hyperledger/fabric/core/scc/cscc) registered
2018-07-14 09:09:27.086 UTC [sccapi] registerSysCC -> INFO 011 system chaincode lscc(github.com/hyperledger/fabric/core/scc/lscc) registered
2018-07-14 09:09:27.086 UTC [sccapi] registerSysCC -> INFO 012 system chaincode escc(github.com/hyperledger/fabric/core/scc/escc) registered
2018-07-14 09:09:27.087 UTC [sccapi] registerSysCC -> INFO 013 system chaincode vscc(github.com/hyperledger/fabric/core/scc/vscc) registered
2018-07-14 09:09:27.087 UTC [sccapi] registerSysCC -> INFO 014 system chaincode qscc(github.com/hyperledger/fabric/core/chaincode/qscc) registered
2018-07-14 09:09:27.088 UTC [gossip/service] func1 -> INFO 015 Initialize gossip with endpoint peer0.yiyuan.mederahealth.com:7051 and bootstrap set [peer1.yiyuan.mederahealth.com:8051]
2018-07-14 09:09:27.104 UTC [msp] DeserializeIdentity -> INFO 016 Obtaining identity
2018-07-14 09:09:27.108 UTC [gossip/discovery] NewDiscoveryService -> INFO 017 Started {peer0.yiyuan.mederahealth.com:7051 [] [68 22 249 203 226 137 164 32 161 167 175 164 169 8 127 192 245 202 144 244 169 3 105 182 106 142 234 57 152 76 209 50] peer0.yiyuan.mederahealth.com:7051 <nil>} incTime is 1531559367108124014
2018-07-14 09:09:27.108 UTC [gossip/gossip] NewGossipService -> INFO 018 Creating gossip service with self membership of {peer0.yiyuan.mederahealth.com:7051 [] [68 22 249 203 226 137 164 32 161 167 175 164 169 8 127 192 245 202 144 244 169 3 105 182 106 142 234 57 152 76 209 50] peer0.yiyuan.mederahealth.com:7051 <nil>}
2018-07-14 09:09:27.113 UTC [gossip/gossip] start -> INFO 019 Gossip instance peer0.yiyuan.mederahealth.com:7051 started
fatal error: unexpected signal during runtime execution
[signal SIGSEGV: segmentation violation code=0x1 addr=0x63 pc=0x7f9fe720d259]

runtime stack:
runtime.throw(0xf11259, 0x2a)
	/opt/go/src/runtime/panic.go:605 +0x95
runtime.sigpanic()
	/opt/go/src/runtime/signal_unix.go:351 +0x2b8

goroutine 65 [syscall, locked to thread]:
runtime.cgocall(0xbf3800, 0xc4202335e8, 0xf0fa21)
	/opt/go/src/runtime/cgocall.go:132 +0xe4 fp=0xc4202335a8 sp=0xc420233568 pc=0x4023b4
net._C2func_getaddrinfo(0x7f9fdc0008c0, 0x0, 0xc4202b1470, 0xc4201501c0, 0x0, 0x0, 0x0)
	net/_obj/_cgo_gotypes.go:86 +0x5f fp=0xc4202335e8 sp=0xc4202335a8 pc=0x5f893f
net.cgoLookupIPCNAME.func2(0x7f9fdc0008c0, 0x0, 0xc4202b1470, 0xc4201501c0, 0xc4203b8480, 0xc4200180db, 0x1d)
	/opt/go/src/net/cgo_unix.go:151 +0x13f fp=0xc420233640 sp=0xc4202335e8 pc=0x5ffedf
net.cgoLookupIPCNAME(0xc4200180db, 0x1d, 0x0, 0x0, 0x0, 0x0, 0x0, 0x0, 0x0)
	/opt/go/src/net/cgo_unix.go:151 +0x175 fp=0xc420233738 sp=0xc420233640 pc=0x5fa195
net.cgoIPLookup(0xc4203b8600, 0xc4200180db, 0x1d)
	/opt/go/src/net/cgo_unix.go:203 +0x4d fp=0xc4202337c8 sp=0xc420233738 pc=0x5fa8dd
runtime.goexit()
	/opt/go/src/runtime/asm_amd64.s:2337 +0x1 fp=0xc4202337d0 sp=0xc4202337c8 pc=0x45e391
created by net.cgoLookupIP
	/opt/go/src/net/cgo_unix.go:213 +0xaf

goroutine 1 [runnable]:
github.com/hyperledger/fabric/core/chaincode.(*ChaincodeSupport).launchAndWaitForRegister(0xc4200bdd90, 0x7f9fe85f1bd8, 0xc42001c090, 0xc4201b4af0, 0xc4202b0990, 0x1657cc0, 0xc4202b09c0, 0x0, 0x0)
	/opt/gopath/src/github.com/hyperledger/fabric/core/chaincode/chaincode_support.go:557 +0x435
github.com/hyperledger/fabric/core/chaincode.(*ChaincodeSupport).Launch(0xc4200bdd90, 0x7f9fe85f1bd8, 0xc42001c090, 0xc4201b4af0, 0xe592c0, 0xc4202b0990, 0x7, 0x5, 0xc4202c1530, 0xa)
	/opt/gopath/src/github.com/hyperledger/fabric/core/chaincode/chaincode_support.go:731 +0xb79
github.com/hyperledger/fabric/core/chaincode.Execute(0x7f9fe85f1bd8, 0xc42001c090, 0xc4201b4af0, 0xe592c0, 0xc4202b0990, 0xc42027d3a8, 0x411b68, 0x8, 0xc42027d3c0)
	/opt/gopath/src/github.com/hyperledger/fabric/core/chaincode/exectransaction.go:45 +0xad
github.com/hyperledger/fabric/core/chaincode.ExecuteWithErrorFilter(0x7f9fe85f1bd8, 0xc42001c090, 0xc4201b4af0, 0xe592c0, 0xc4202b0990, 0xc42027d428, 0x40f878, 0xdf04a0, 0xe14f80, 0xc4201b4a00, ...)
	/opt/gopath/src/github.com/hyperledger/fabric/core/chaincode/exectransaction.go:93 +0x66
github.com/hyperledger/fabric/core/chaincode.(*ccProviderImpl).ExecuteWithErrorFilter(0x16c5708, 0x1667b00, 0xc42001c090, 0xd2c860, 0xc4201500d0, 0xe592c0, 0xc4202b0990, 0xc420161920, 0x24, 0xc420000101, ...)
	/opt/gopath/src/github.com/hyperledger/fabric/core/chaincode/ccproviderimpl.go:84 +0x9f
github.com/hyperledger/fabric/core/scc.deploySysCC(0x0, 0x0, 0x164a200, 0x0, 0x0)
	/opt/gopath/src/github.com/hyperledger/fabric/core/scc/sysccapi.go:138 +0x5ac
github.com/hyperledger/fabric/core/scc.DeploySysCCs(0x0, 0x0)
	/opt/gopath/src/github.com/hyperledger/fabric/core/scc/importsysccs.go:66 +0x5e
github.com/hyperledger/fabric/peer/node.initSysCCs()
	/opt/gopath/src/github.com/hyperledger/fabric/peer/node/start.go:94 +0x33
github.com/hyperledger/fabric/peer/node.serve(0x16c5708, 0x0, 0x0, 0x0, 0x0)
	/opt/gopath/src/github.com/hyperledger/fabric/peer/node/start.go:277 +0x1038
github.com/hyperledger/fabric/peer/node.glob..func1(0x164ce80, 0x16c5708, 0x0, 0x0, 0x0, 0x0)
	/opt/gopath/src/github.com/hyperledger/fabric/peer/node/start.go:87 +0x3f
github.com/hyperledger/fabric/vendor/github.com/spf13/cobra.(*Command).execute(0x164ce80, 0x16c5708, 0x0, 0x0, 0x164ce80, 0x16c5708)
	/opt/gopath/src/github.com/hyperledger/fabric/vendor/github.com/spf13/cobra/command.go:599 +0x3e8
github.com/hyperledger/fabric/vendor/github.com/spf13/cobra.(*Command).ExecuteC(0x164d4e0, 0x11, 0xc4201d70c0, 0x5)
	/opt/gopath/src/github.com/hyperledger/fabric/vendor/github.com/spf13/cobra/command.go:689 +0x2fe
github.com/hyperledger/fabric/vendor/github.com/spf13/cobra.(*Command).Execute(0x164d4e0, 0x1b, 0xc4200160b5)
	/opt/gopath/src/github.com/hyperledger/fabric/vendor/github.com/spf13/cobra/command.go:648 +0x2b
main.main()
	/opt/gopath/src/github.com/hyperledger/fabric/peer/main.go:112 +0x5e1

goroutine 19 [select]:
github.com/hyperledger/fabric/vendor/github.com/syndtr/goleveldb/leveldb.(*DB).compactionError(0xc42021a600)
	/opt/gopath/src/github.com/hyperledger/fabric/vendor/github.com/syndtr/goleveldb/leveldb/db_compaction.go:90 +0x119
created by github.com/hyperledger/fabric/vendor/github.com/syndtr/goleveldb/leveldb.openDB
	/opt/gopath/src/github.com/hyperledger/fabric/vendor/github.com/syndtr/goleveldb/leveldb/db.go:139 +0x4bd

goroutine 10 [syscall]:
os/signal.signal_recv(0x0)
	/opt/go/src/runtime/sigqueue.go:131 +0xa6
os/signal.loop()
	/opt/go/src/os/signal/signal_unix.go:22 +0x22
created by os/signal.init.0
	/opt/go/src/os/signal/signal_unix.go:28 +0x41

goroutine 11 [select]:
github.com/hyperledger/fabric/vendor/github.com/syndtr/goleveldb/leveldb/util.(*BufferPool).drain(0xc420272460)
	/opt/gopath/src/github.com/hyperledger/fabric/vendor/github.com/syndtr/goleveldb/leveldb/util/buffer_pool.go:206 +0x172
created by github.com/hyperledger/fabric/vendor/github.com/syndtr/goleveldb/leveldb/util.NewBufferPool
	/opt/gopath/src/github.com/hyperledger/fabric/vendor/github.com/syndtr/goleveldb/leveldb/util/buffer_pool.go:237 +0x195

goroutine 20 [select]:
github.com/hyperledger/fabric/vendor/github.com/syndtr/goleveldb/leveldb.(*DB).mpoolDrain(0xc42021a600)
	/opt/gopath/src/github.com/hyperledger/fabric/vendor/github.com/syndtr/goleveldb/leveldb/db_state.go:96 +0x13b
created by github.com/hyperledger/fabric/vendor/github.com/syndtr/goleveldb/leveldb.openDB
	/opt/gopath/src/github.com/hyperledger/fabric/vendor/github.com/syndtr/goleveldb/leveldb/db.go:140 +0x4df

goroutine 21 [select]:
github.com/hyperledger/fabric/vendor/github.com/syndtr/goleveldb/leveldb.(*DB).tCompaction(0xc42021a600)
	/opt/gopath/src/github.com/hyperledger/fabric/vendor/github.com/syndtr/goleveldb/leveldb/db_compaction.go:804 +0x2c8
created by github.com/hyperledger/fabric/vendor/github.com/syndtr/goleveldb/leveldb.openDB
	/opt/gopath/src/github.com/hyperledger/fabric/vendor/github.com/syndtr/goleveldb/leveldb/db.go:146 +0x65e

goroutine 22 [select]:
github.com/hyperledger/fabric/vendor/github.com/syndtr/goleveldb/leveldb.(*DB).mCompaction(0xc42021a600)
	/opt/gopath/src/github.com/hyperledger/fabric/vendor/github.com/syndtr/goleveldb/leveldb/db_compaction.go:751 +0x192
created by github.com/hyperledger/fabric/vendor/github.com/syndtr/goleveldb/leveldb.openDB
	/opt/gopath/src/github.com/hyperledger/fabric/vendor/github.com/syndtr/goleveldb/leveldb/db.go:147 +0x680

goroutine 23 [select]:
github.com/hyperledger/fabric/vendor/github.com/syndtr/goleveldb/leveldb/util.(*BufferPool).drain(0xc4207a61c0)
	/opt/gopath/src/github.com/hyperledger/fabric/vendor/github.com/syndtr/goleveldb/leveldb/util/buffer_pool.go:206 +0x172
created by github.com/hyperledger/fabric/vendor/github.com/syndtr/goleveldb/leveldb/util.NewBufferPool
	/opt/gopath/src/github.com/hyperledger/fabric/vendor/github.com/syndtr/goleveldb/leveldb/util/buffer_pool.go:237 +0x195

goroutine 24 [select]:
github.com/hyperledger/fabric/vendor/github.com/syndtr/goleveldb/leveldb.(*DB).compactionError(0xc42021af00)
	/opt/gopath/src/github.com/hyperledger/fabric/vendor/github.com/syndtr/goleveldb/leveldb/db_compaction.go:90 +0x119
created by github.com/hyperledger/fabric/vendor/github.com/syndtr/goleveldb/leveldb.openDB
	/opt/gopath/src/github.com/hyperledger/fabric/vendor/github.com/syndtr/goleveldb/leveldb/db.go:139 +0x4bd

goroutine 25 [select]:
github.com/hyperledger/fabric/vendor/github.com/syndtr/goleveldb/leveldb.(*DB).mpoolDrain(0xc42021af00)
	/opt/gopath/src/github.com/hyperledger/fabric/vendor/github.com/syndtr/goleveldb/leveldb/db_state.go:96 +0x13b
created by github.com/hyperledger/fabric/vendor/github.com/syndtr/goleveldb/leveldb.openDB
	/opt/gopath/src/github.com/hyperledger/fabric/vendor/github.com/syndtr/goleveldb/leveldb/db.go:140 +0x4df

goroutine 26 [select]:
github.com/hyperledger/fabric/vendor/github.com/syndtr/goleveldb/leveldb.(*DB).tCompaction(0xc42021af00)
	/opt/gopath/src/github.com/hyperledger/fabric/vendor/github.com/syndtr/goleveldb/leveldb/db_compaction.go:804 +0x2c8
created by github.com/hyperledger/fabric/vendor/github.com/syndtr/goleveldb/leveldb.openDB
	/opt/gopath/src/github.com/hyperledger/fabric/vendor/github.com/syndtr/goleveldb/leveldb/db.go:146 +0x65e

goroutine 27 [select]:
github.com/hyperledger/fabric/vendor/github.com/syndtr/goleveldb/leveldb.(*DB).mCompaction(0xc42021af00)
	/opt/gopath/src/github.com/hyperledger/fabric/vendor/github.com/syndtr/goleveldb/leveldb/db_compaction.go:751 +0x192
created by github.com/hyperledger/fabric/vendor/github.com/syndtr/goleveldb/leveldb.openDB
	/opt/gopath/src/github.com/hyperledger/fabric/vendor/github.com/syndtr/goleveldb/leveldb/db.go:147 +0x680

goroutine 28 [select]:
github.com/hyperledger/fabric/vendor/github.com/syndtr/goleveldb/leveldb/util.(*BufferPool).drain(0xc4207a6380)
	/opt/gopath/src/github.com/hyperledger/fabric/vendor/github.com/syndtr/goleveldb/leveldb/util/buffer_pool.go:206 +0x172
created by github.com/hyperledger/fabric/vendor/github.com/syndtr/goleveldb/leveldb/util.NewBufferPool
	/opt/gopath/src/github.com/hyperledger/fabric/vendor/github.com/syndtr/goleveldb/leveldb/util/buffer_pool.go:237 +0x195

goroutine 29 [select]:
github.com/hyperledger/fabric/vendor/github.com/syndtr/goleveldb/leveldb.(*DB).compactionError(0xc42021b800)
	/opt/gopath/src/github.com/hyperledger/fabric/vendor/github.com/syndtr/goleveldb/leveldb/db_compaction.go:90 +0x119
created by github.com/hyperledger/fabric/vendor/github.com/syndtr/goleveldb/leveldb.openDB
	/opt/gopath/src/github.com/hyperledger/fabric/vendor/github.com/syndtr/goleveldb/leveldb/db.go:139 +0x4bd

goroutine 30 [select]:
github.com/hyperledger/fabric/vendor/github.com/syndtr/goleveldb/leveldb.(*DB).mpoolDrain(0xc42021b800)
	/opt/gopath/src/github.com/hyperledger/fabric/vendor/github.com/syndtr/goleveldb/leveldb/db_state.go:96 +0x13b
created by github.com/hyperledger/fabric/vendor/github.com/syndtr/goleveldb/leveldb.openDB
	/opt/gopath/src/github.com/hyperledger/fabric/vendor/github.com/syndtr/goleveldb/leveldb/db.go:140 +0x4df

goroutine 31 [select]:
github.com/hyperledger/fabric/vendor/github.com/syndtr/goleveldb/leveldb.(*DB).tCompaction(0xc42021b800)
	/opt/gopath/src/github.com/hyperledger/fabric/vendor/github.com/syndtr/goleveldb/leveldb/db_compaction.go:804 +0x2c8
created by github.com/hyperledger/fabric/vendor/github.com/syndtr/goleveldb/leveldb.openDB
	/opt/gopath/src/github.com/hyperledger/fabric/vendor/github.com/syndtr/goleveldb/leveldb/db.go:146 +0x65e

goroutine 32 [select]:
github.com/hyperledger/fabric/vendor/github.com/syndtr/goleveldb/leveldb.(*DB).mCompaction(0xc42021b800)
	/opt/gopath/src/github.com/hyperledger/fabric/vendor/github.com/syndtr/goleveldb/leveldb/db_compaction.go:751 +0x192
created by github.com/hyperledger/fabric/vendor/github.com/syndtr/goleveldb/leveldb.openDB
	/opt/gopath/src/github.com/hyperledger/fabric/vendor/github.com/syndtr/goleveldb/leveldb/db.go:147 +0x680

goroutine 33 [select]:
github.com/hyperledger/fabric/vendor/github.com/syndtr/goleveldb/leveldb/util.(*BufferPool).drain(0xc4207a6620)
	/opt/gopath/src/github.com/hyperledger/fabric/vendor/github.com/syndtr/goleveldb/leveldb/util/buffer_pool.go:206 +0x172
created by github.com/hyperledger/fabric/vendor/github.com/syndtr/goleveldb/leveldb/util.NewBufferPool
	/opt/gopath/src/github.com/hyperledger/fabric/vendor/github.com/syndtr/goleveldb/leveldb/util/buffer_pool.go:237 +0x195

goroutine 34 [select]:
github.com/hyperledger/fabric/vendor/github.com/syndtr/goleveldb/leveldb.(*DB).compactionError(0xc420282180)
	/opt/gopath/src/github.com/hyperledger/fabric/vendor/github.com/syndtr/goleveldb/leveldb/db_compaction.go:90 +0x119
created by github.com/hyperledger/fabric/vendor/github.com/syndtr/goleveldb/leveldb.openDB
	/opt/gopath/src/github.com/hyperledger/fabric/vendor/github.com/syndtr/goleveldb/leveldb/db.go:139 +0x4bd

goroutine 35 [select]:
github.com/hyperledger/fabric/vendor/github.com/syndtr/goleveldb/leveldb.(*DB).mpoolDrain(0xc420282180)
	/opt/gopath/src/github.com/hyperledger/fabric/vendor/github.com/syndtr/goleveldb/leveldb/db_state.go:96 +0x13b
created by github.com/hyperledger/fabric/vendor/github.com/syndtr/goleveldb/leveldb.openDB
	/opt/gopath/src/github.com/hyperledger/fabric/vendor/github.com/syndtr/goleveldb/leveldb/db.go:140 +0x4df

goroutine 36 [select]:
github.com/hyperledger/fabric/vendor/github.com/syndtr/goleveldb/leveldb.(*DB).tCompaction(0xc420282180)
	/opt/gopath/src/github.com/hyperledger/fabric/vendor/github.com/syndtr/goleveldb/leveldb/db_compaction.go:804 +0x2c8
created by github.com/hyperledger/fabric/vendor/github.com/syndtr/goleveldb/leveldb.openDB
	/opt/gopath/src/github.com/hyperledger/fabric/vendor/github.com/syndtr/goleveldb/leveldb/db.go:146 +0x65e

goroutine 37 [select]:
github.com/hyperledger/fabric/vendor/github.com/syndtr/goleveldb/leveldb.(*DB).mCompaction(0xc420282180)
	/opt/gopath/src/github.com/hyperledger/fabric/vendor/github.com/syndtr/goleveldb/leveldb/db_compaction.go:751 +0x192
created by github.com/hyperledger/fabric/vendor/github.com/syndtr/goleveldb/leveldb.openDB
	/opt/gopath/src/github.com/hyperledger/fabric/vendor/github.com/syndtr/goleveldb/leveldb/db.go:147 +0x680